<?xml version="1.0" encoding="UTF-8"?>
<!-- Generated by org.testng.reporters.JUnitReportReporter -->
<testsuite hostname="DESKTOP-6UTP5M8" failures="0" tests="1" name="APITest" time="2.101" errors="0" timestamp="2022-11-22T10:09:53 IST" skipped="0">
  <testcase classname="APITest" name="main" time="2.101"/>
  <system-out/>
</testsuite> <!-- APITest -->
